<?xml version="1.0" encoding="UTF-8"?>
<!-- Generated by org.testng.reporters.JUnitReportReporter -->
<testsuite skipped="2" hostname="Muhammads-MBP" name="test.APITest" tests="3" failures="0" timestamp="2022-12-10T11:20:58 EST" time="1.941" errors="0">
  <testcase name="getCallBodyCodeValidation" time="1.941" classname="test.APITest"/>
  <system-out/>
  <testcase name="getCallStatusCodeValidationFail" classname="test.APITest">
    <skipped/>
  </testcase> <!-- getCallStatusCodeValidationFail -->
  <system-out/>
  <testcase name="getCallStatusCodeValidation" classname="test.APITest">
    <skipped/>
  </testcase> <!-- getCallStatusCodeValidation -->
  <system-out/>
</testsuite> <!-- test.APITest -->
