<?xml version="1.0" encoding="UTF-8"?>
<!-- Generated by org.testng.reporters.JUnitReportReporter -->
<testsuite skipped="0" hostname="Muhammads-MBP" name="api.testscripts.GetPassengerTest" tests="1" failures="0" timestamp="2022-12-11T11:06:35 EST" time="2.470" errors="0">
  <testcase name="testGetPassenger" time="2.470" classname="api.testscripts.GetPassengerTest"/>
  <system-out/>
</testsuite> <!-- api.testscripts.GetPassengerTest -->
