<?xml version="1.0" encoding="UTF-8"?>
<!-- Generated by org.testng.reporters.JUnitReportReporter -->
<testsuite skipped="3" hostname="Muhammads-MBP" name="api.test.GetAPITest" tests="4" failures="0" timestamp="2022-12-10T15:48:01 EST" time="2.292" errors="0">
  <testcase name="getCallListValidationJsonPath" time="2.292" classname="api.test.GetAPITest"/>
  <system-out/>
  <testcase name="getCallStatusCodeValidation" classname="api.test.GetAPITest">
    <skipped/>
  </testcase> <!-- getCallStatusCodeValidation -->
  <system-out/>
  <testcase name="getCallStatusCodeValidationFail" classname="api.test.GetAPITest">
    <skipped/>
  </testcase> <!-- getCallStatusCodeValidationFail -->
  <system-out/>
  <testcase name="getCallBodyCodeValidation" classname="api.test.GetAPITest">
    <skipped/>
  </testcase> <!-- getCallBodyCodeValidation -->
  <system-out/>
</testsuite> <!-- api.test.GetAPITest -->
